<?xml version="1.0" encoding="UTF-8"?>
<coverage generated="1778964987671" clover="3.2.0">
  <project timestamp="1778964987671" name="All files">
    <metrics statements="65" coveredstatements="53" conditionals="52" coveredconditionals="46" methods="16" coveredmethods="13" elements="133" coveredelements="112" complexity="0" loc="65" ncloc="65" packages="2" files="2" classes="2"/>
    <package name="src">
      <metrics statements="19" coveredstatements="17" conditionals="6" coveredconditionals="6" methods="8" coveredmethods="7"/>
      <file name="AuthContext.jsx" path="D:\diplomna\frontend\src\AuthContext.jsx">
        <metrics statements="19" coveredstatements="17" conditionals="6" coveredconditionals="6" methods="8" coveredmethods="7"/>
        <line num="3" count="1" type="stmt"/>
        <line num="6" count="24" type="stmt"/>
        <line num="7" count="24" type="stmt"/>
        <line num="9" count="24" type="stmt"/>
        <line num="10" count="10" type="stmt"/>
        <line num="11" count="10" type="cond" truecount="2" falsecount="0"/>
        <line num="13" count="2" type="stmt"/>
        <line num="16" count="2" type="cond" truecount="2" falsecount="0"/>
        <line num="18" count="2" type="cond" truecount="2" falsecount="0"/>
        <line num="19" count="1" type="stmt"/>
        <line num="21" count="2" type="stmt"/>
        <line num="24" count="24" type="stmt"/>
        <line num="25" count="2" type="stmt"/>
        <line num="26" count="2" type="stmt"/>
        <line num="29" count="24" type="stmt"/>
        <line num="30" count="0" type="stmt"/>
        <line num="31" count="0" type="stmt"/>
        <line num="34" count="24" type="stmt"/>
        <line num="41" count="50" type="stmt"/>
      </file>
    </package>
    <package name="src.pages">
      <metrics statements="46" coveredstatements="36" conditionals="46" coveredconditionals="40" methods="8" coveredmethods="6"/>
      <file name="AuthPage.jsx" path="D:\diplomna\frontend\src\pages\AuthPage.jsx">
        <metrics statements="46" coveredstatements="36" conditionals="46" coveredconditionals="40" methods="8" coveredmethods="6"/>
        <line num="9" count="51" type="stmt"/>
        <line num="10" count="51" type="stmt"/>
        <line num="12" count="51" type="stmt"/>
        <line num="13" count="51" type="stmt"/>
        <line num="14" count="51" type="stmt"/>
        <line num="15" count="51" type="stmt"/>
        <line num="16" count="51" type="stmt"/>
        <line num="18" count="51" type="stmt"/>
        <line num="22" count="51" type="stmt"/>
        <line num="23" count="0" type="stmt"/>
        <line num="24" count="0" type="stmt"/>
        <line num="25" count="0" type="stmt"/>
        <line num="27" count="0" type="stmt"/>
        <line num="33" count="0" type="stmt"/>
        <line num="34" count="0" type="cond" truecount="0" falsecount="2"/>
        <line num="36" count="0" type="stmt"/>
        <line num="37" count="0" type="stmt"/>
        <line num="39" count="0" type="stmt"/>
        <line num="43" count="51" type="stmt"/>
        <line num="44" count="14" type="stmt"/>
        <line num="45" count="14" type="stmt"/>
        <line num="48" count="51" type="stmt"/>
        <line num="49" count="6" type="cond" truecount="2" falsecount="0"/>
        <line num="50" count="2" type="cond" truecount="1" falsecount="1"/>
        <line num="51" count="2" type="cond" truecount="2" falsecount="0"/>
        <line num="52" count="1" type="stmt"/>
        <line num="54" count="5" type="cond" truecount="4" falsecount="0"/>
        <line num="55" count="1" type="stmt"/>
        <line num="57" count="4" type="stmt"/>
        <line num="58" count="4" type="stmt"/>
        <line num="59" count="4" type="cond" truecount="2" falsecount="0"/>
        <line num="60" count="6" type="cond" truecount="2" falsecount="0"/>
        <line num="64" count="6" type="stmt"/>
        <line num="70" count="3" type="stmt"/>
        <line num="72" count="3" type="cond" truecount="2" falsecount="0"/>
        <line num="73" count="1" type="cond" truecount="1" falsecount="1"/>
        <line num="74" count="1" type="stmt"/>
        <line num="77" count="2" type="stmt"/>
        <line num="78" count="2" type="stmt"/>
        <line num="80" count="1" type="stmt"/>
        <line num="82" count="4" type="stmt"/>
        <line num="86" count="51" type="stmt"/>
        <line num="130" count="1" type="stmt"/>
        <line num="147" count="0" type="stmt"/>
        <line num="163" count="5" type="cond" truecount="2" falsecount="0"/>
        <line num="164" count="5" type="stmt"/>
      </file>
    </package>
  </project>
</coverage>
