{"D:\\diplomna\\frontend\\src\\AuthContext.jsx": {"path":"D:\\diplomna\\frontend\\src\\AuthContext.jsx","statementMap":{"0":{"start":{"line":3,"column":6},"end":{"line":3,"column":null}},"1":{"start":{"line":6,"column":17},"end":{"line":6,"column":null}},"2":{"start":{"line":7,"column":20},"end":{"line":7,"column":null}},"3":{"start":{"line":9,"column":4},"end":{"line":22,"column":null}},"4":{"start":{"line":10,"column":22},"end":{"line":10,"column":null}},"5":{"start":{"line":11,"column":8},"end":{"line":11,"column":null}},"6":{"start":{"line":11,"column":22},"end":{"line":11,"column":41}},"7":{"start":{"line":11,"column":41},"end":{"line":11,"column":48}},"8":{"start":{"line":13,"column":8},"end":{"line":21,"column":null}},"9":{"start":{"line":16,"column":23},"end":{"line":16,"column":45}},"10":{"start":{"line":18,"column":16},"end":{"line":19,"column":null}},"11":{"start":{"line":18,"column":26},"end":{"line":18,"column":null}},"12":{"start":{"line":19,"column":21},"end":{"line":19,"column":null}},"13":{"start":{"line":21,"column":27},"end":{"line":21,"column":44}},"14":{"start":{"line":24,"column":10},"end":{"line":27,"column":null}},"15":{"start":{"line":25,"column":8},"end":{"line":25,"column":null}},"16":{"start":{"line":26,"column":8},"end":{"line":26,"column":null}},"17":{"start":{"line":29,"column":10},"end":{"line":32,"column":null}},"18":{"start":{"line":30,"column":8},"end":{"line":30,"column":null}},"19":{"start":{"line":31,"column":8},"end":{"line":31,"column":null}},"20":{"start":{"line":34,"column":4},"end":{"line":37,"column":null}},"21":{"start":{"line":41,"column":13},"end":{"line":41,"column":null}}},"fnMap":{"0":{"name":"AuthProvider","decl":{"start":{"line":5,"column":16},"end":{"line":5,"column":29}},"loc":{"start":{"line":5,"column":43},"end":{"line":39,"column":null}},"line":5},"1":{"name":"(anonymous_1)","decl":{"start":{"line":9,"column":4},"end":{"line":9,"column":20}},"loc":{"start":{"line":9,"column":20},"end":{"line":22,"column":7}},"line":9},"2":{"name":"(anonymous_2)","decl":{"start":{"line":16,"column":13},"end":{"line":16,"column":18}},"loc":{"start":{"line":16,"column":23},"end":{"line":16,"column":45}},"line":16},"3":{"name":"(anonymous_3)","decl":{"start":{"line":17,"column":13},"end":{"line":17,"column":18}},"loc":{"start":{"line":17,"column":26},"end":{"line":20,"column":13}},"line":17},"4":{"name":"(anonymous_4)","decl":{"start":{"line":21,"column":13},"end":{"line":21,"column":27}},"loc":{"start":{"line":21,"column":27},"end":{"line":21,"column":44}},"line":21},"5":{"name":"(anonymous_5)","decl":{"start":{"line":24,"column":10},"end":{"line":24,"column":19}},"loc":{"start":{"line":24,"column":39},"end":{"line":27,"column":null}},"line":24},"6":{"name":"(anonymous_6)","decl":{"start":{"line":29,"column":10},"end":{"line":29,"column":25}},"loc":{"start":{"line":29,"column":25},"end":{"line":32,"column":null}},"line":29},"7":{"name":"(anonymous_7)","decl":{"start":{"line":41,"column":13},"end":{"line":41,"column":29}},"loc":{"start":{"line":41,"column":13},"end":{"line":41,"column":null}},"line":41}},"branchMap":{"0":{"loc":{"start":{"line":11,"column":8},"end":{"line":11,"column":null}},"type":"if","locations":[{"start":{"line":11,"column":8},"end":{"line":11,"column":null}},{"start":{},"end":{}}],"line":11},"1":{"loc":{"start":{"line":16,"column":23},"end":{"line":16,"column":45}},"type":"cond-expr","locations":[{"start":{"line":16,"column":30},"end":{"line":16,"column":41}},{"start":{"line":16,"column":41},"end":{"line":16,"column":45}}],"line":16},"2":{"loc":{"start":{"line":18,"column":16},"end":{"line":19,"column":null}},"type":"if","locations":[{"start":{"line":18,"column":16},"end":{"line":19,"column":null}},{"start":{"line":19,"column":21},"end":{"line":19,"column":null}}],"line":18}},"s":{"0":1,"1":24,"2":24,"3":24,"4":10,"5":10,"6":8,"7":8,"8":2,"9":2,"10":2,"11":1,"12":1,"13":2,"14":24,"15":2,"16":2,"17":24,"18":0,"19":0,"20":24,"21":50},"f":{"0":24,"1":10,"2":2,"3":2,"4":2,"5":2,"6":0,"7":50},"b":{"0":[8,2],"1":[1,1],"2":[1,1]},"meta":{"lastBranch":3,"lastFunction":8,"lastStatement":22,"seen":{"s:3:6:3:Infinity":0,"f:5:16:5:29":0,"s:6:17:6:Infinity":1,"s:7:20:7:Infinity":2,"s:9:4:22:Infinity":3,"f:9:4:9:20":1,"s:10:22:10:Infinity":4,"b:11:8:11:Infinity:undefined:undefined:undefined:undefined":0,"s:11:8:11:Infinity":5,"s:11:22:11:41":6,"s:11:41:11:48":7,"s:13:8:21:Infinity":8,"f:16:13:16:18":2,"s:16:23:16:45":9,"b:16:30:16:41:16:41:16:45":1,"f:17:13:17:18":3,"b:18:16:19:Infinity:19:21:19:Infinity":2,"s:18:16:19:Infinity":10,"s:18:26:18:Infinity":11,"s:19:21:19:Infinity":12,"f:21:13:21:27":4,"s:21:27:21:44":13,"s:24:10:27:Infinity":14,"f:24:10:24:19":5,"s:25:8:25:Infinity":15,"s:26:8:26:Infinity":16,"s:29:10:32:Infinity":17,"f:29:10:29:25":6,"s:30:8:30:Infinity":18,"s:31:8:31:Infinity":19,"s:34:4:37:Infinity":20,"s:41:13:41:Infinity":21,"f:41:13:41:29":7}}}
,"D:\\diplomna\\frontend\\src\\pages\\AuthPage.jsx": {"path":"D:\\diplomna\\frontend\\src\\pages\\AuthPage.jsx","statementMap":{"0":{"start":{"line":9,"column":8},"end":{"line":9,"column":null}},"1":{"start":{"line":10,"column":10},"end":{"line":10,"column":null}},"2":{"start":{"line":12,"column":15},"end":{"line":12,"column":null}},"3":{"start":{"line":13,"column":22},"end":{"line":13,"column":null}},"4":{"start":{"line":14,"column":25},"end":{"line":14,"column":null}},"5":{"start":{"line":15,"column":16},"end":{"line":15,"column":null}},"6":{"start":{"line":16,"column":18},"end":{"line":16,"column":null}},"7":{"start":{"line":18,"column":19},"end":{"line":20,"column":null}},"8":{"start":{"line":22,"column":28},"end":{"line":41,"column":null}},"9":{"start":{"line":23,"column":4},"end":{"line":40,"column":null}},"10":{"start":{"line":24,"column":27},"end":{"line":24,"column":null}},"11":{"start":{"line":25,"column":22},"end":{"line":25,"column":null}},"12":{"start":{"line":27,"column":18},"end":{"line":31,"column":null}},"13":{"start":{"line":33,"column":19},"end":{"line":33,"column":null}},"14":{"start":{"line":34,"column":6},"end":{"line":34,"column":null}},"15":{"start":{"line":34,"column":21},"end":{"line":34,"column":44}},"16":{"start":{"line":34,"column":44},"end":{"line":34,"column":51}},"17":{"start":{"line":36,"column":6},"end":{"line":36,"column":null}},"18":{"start":{"line":37,"column":6},"end":{"line":37,"column":null}},"19":{"start":{"line":39,"column":6},"end":{"line":39,"column":null}},"20":{"start":{"line":43,"column":8},"end":{"line":46,"column":null}},"21":{"start":{"line":44,"column":4},"end":{"line":44,"column":null}},"22":{"start":{"line":44,"column":25},"end":{"line":44,"column":70}},"23":{"start":{"line":45,"column":4},"end":{"line":45,"column":null}},"24":{"start":{"line":48,"column":23},"end":{"line":84,"column":null}},"25":{"start":{"line":49,"column":4},"end":{"line":53,"column":null}},"26":{"start":{"line":50,"column":6},"end":{"line":50,"column":null}},"27":{"start":{"line":50,"column":30},"end":{"line":50,"column":null}},"28":{"start":{"line":51,"column":6},"end":{"line":52,"column":null}},"29":{"start":{"line":52,"column":8},"end":{"line":52,"column":null}},"30":{"start":{"line":54,"column":4},"end":{"line":55,"column":null}},"31":{"start":{"line":55,"column":6},"end":{"line":55,"column":null}},"32":{"start":{"line":57,"column":4},"end":{"line":57,"column":null}},"33":{"start":{"line":58,"column":4},"end":{"line":83,"column":null}},"34":{"start":{"line":59,"column":23},"end":{"line":59,"column":null}},"35":{"start":{"line":60,"column":19},"end":{"line":62,"column":null}},"36":{"start":{"line":64,"column":18},"end":{"line":68,"column":null}},"37":{"start":{"line":70,"column":19},"end":{"line":70,"column":null}},"38":{"start":{"line":72,"column":6},"end":{"line":75,"column":null}},"39":{"start":{"line":73,"column":8},"end":{"line":73,"column":null}},"40":{"start":{"line":74,"column":8},"end":{"line":74,"column":null}},"41":{"start":{"line":77,"column":6},"end":{"line":77,"column":null}},"42":{"start":{"line":78,"column":6},"end":{"line":78,"column":null}},"43":{"start":{"line":80,"column":6},"end":{"line":80,"column":null}},"44":{"start":{"line":82,"column":6},"end":{"line":82,"column":null}},"45":{"start":{"line":86,"column":2},"end":{"line":170,"column":null}},"46":{"start":{"line":130,"column":54},"end":{"line":130,"column":null}},"47":{"start":{"line":147,"column":56},"end":{"line":147,"column":null}},"48":{"start":{"line":163,"column":12},"end":{"line":163,"column":null}},"49":{"start":{"line":164,"column":12},"end":{"line":164,"column":null}}},"fnMap":{"0":{"name":"AuthPage","decl":{"start":{"line":8,"column":24},"end":{"line":8,"column":35}},"loc":{"start":{"line":8,"column":35},"end":{"line":172,"column":null}},"line":8},"1":{"name":"(anonymous_1)","decl":{"start":{"line":22,"column":28},"end":{"line":22,"column":40}},"loc":{"start":{"line":22,"column":40},"end":{"line":41,"column":null}},"line":22},"2":{"name":"(anonymous_2)","decl":{"start":{"line":43,"column":8},"end":{"line":43,"column":24}},"loc":{"start":{"line":43,"column":30},"end":{"line":46,"column":null}},"line":43},"3":{"name":"(anonymous_3)","decl":{"start":{"line":44,"column":4},"end":{"line":44,"column":16}},"loc":{"start":{"line":44,"column":25},"end":{"line":44,"column":70}},"line":44},"4":{"name":"(anonymous_4)","decl":{"start":{"line":48,"column":23},"end":{"line":48,"column":35}},"loc":{"start":{"line":48,"column":35},"end":{"line":84,"column":null}},"line":48},"5":{"name":"(anonymous_5)","decl":{"start":{"line":130,"column":39},"end":{"line":130,"column":54}},"loc":{"start":{"line":130,"column":54},"end":{"line":130,"column":null}},"line":130},"6":{"name":"(anonymous_6)","decl":{"start":{"line":147,"column":41},"end":{"line":147,"column":56}},"loc":{"start":{"line":147,"column":56},"end":{"line":147,"column":null}},"line":147},"7":{"name":"(anonymous_7)","decl":{"start":{"line":162,"column":40},"end":{"line":162,"column":55}},"loc":{"start":{"line":162,"column":55},"end":{"line":165,"column":null}},"line":162}},"branchMap":{"0":{"loc":{"start":{"line":34,"column":6},"end":{"line":34,"column":null}},"type":"if","locations":[{"start":{"line":34,"column":6},"end":{"line":34,"column":null}},{"start":{},"end":{}}],"line":34},"1":{"loc":{"start":{"line":49,"column":4},"end":{"line":53,"column":null}},"type":"if","locations":[{"start":{"line":49,"column":4},"end":{"line":53,"column":null}},{"start":{},"end":{}}],"line":49},"2":{"loc":{"start":{"line":50,"column":6},"end":{"line":50,"column":null}},"type":"if","locations":[{"start":{"line":50,"column":6},"end":{"line":50,"column":null}},{"start":{},"end":{}}],"line":50},"3":{"loc":{"start":{"line":51,"column":6},"end":{"line":52,"column":null}},"type":"if","locations":[{"start":{"line":51,"column":6},"end":{"line":52,"column":null}},{"start":{},"end":{}}],"line":51},"4":{"loc":{"start":{"line":54,"column":4},"end":{"line":55,"column":null}},"type":"if","locations":[{"start":{"line":54,"column":4},"end":{"line":55,"column":null}},{"start":{},"end":{}}],"line":54},"5":{"loc":{"start":{"line":54,"column":8},"end":{"line":54,"column":null}},"type":"binary-expr","locations":[{"start":{"line":54,"column":8},"end":{"line":54,"column":27}},{"start":{"line":54,"column":27},"end":{"line":54,"column":null}}],"line":54},"6":{"loc":{"start":{"line":59,"column":23},"end":{"line":59,"column":null}},"type":"cond-expr","locations":[{"start":{"line":59,"column":42},"end":{"line":59,"column":58}},{"start":{"line":59,"column":58},"end":{"line":59,"column":null}}],"line":59},"7":{"loc":{"start":{"line":60,"column":19},"end":{"line":62,"column":null}},"type":"cond-expr","locations":[{"start":{"line":61,"column":10},"end":{"line":61,"column":null}},{"start":{"line":62,"column":10},"end":{"line":62,"column":null}}],"line":60},"8":{"loc":{"start":{"line":72,"column":6},"end":{"line":75,"column":null}},"type":"if","locations":[{"start":{"line":72,"column":6},"end":{"line":75,"column":null}},{"start":{},"end":{}}],"line":72},"9":{"loc":{"start":{"line":73,"column":17},"end":{"line":73,"column":54}},"type":"binary-expr","locations":[{"start":{"line":73,"column":17},"end":{"line":73,"column":32}},{"start":{"line":73,"column":32},"end":{"line":73,"column":54}}],"line":73},"10":{"loc":{"start":{"line":89,"column":13},"end":{"line":89,"column":57}},"type":"cond-expr","locations":[{"start":{"line":89,"column":32},"end":{"line":89,"column":43}},{"start":{"line":89,"column":43},"end":{"line":89,"column":57}}],"line":89},"11":{"loc":{"start":{"line":96,"column":9},"end":{"line":106,"column":null}},"type":"binary-expr","locations":[{"start":{"line":96,"column":9},"end":{"line":96,"column":null}},{"start":{"line":97,"column":10},"end":{"line":106,"column":null}}],"line":96},"12":{"loc":{"start":{"line":124,"column":20},"end":{"line":124,"column":null}},"type":"cond-expr","locations":[{"start":{"line":124,"column":34},"end":{"line":124,"column":43}},{"start":{"line":124,"column":43},"end":{"line":124,"column":null}}],"line":124},"13":{"loc":{"start":{"line":131,"column":15},"end":{"line":131,"column":null}},"type":"cond-expr","locations":[{"start":{"line":131,"column":29},"end":{"line":131,"column":50}},{"start":{"line":131,"column":49},"end":{"line":131,"column":null}}],"line":131},"14":{"loc":{"start":{"line":136,"column":9},"end":{"line":151,"column":null}},"type":"binary-expr","locations":[{"start":{"line":136,"column":9},"end":{"line":136,"column":null}},{"start":{"line":137,"column":10},"end":{"line":151,"column":null}}],"line":136},"15":{"loc":{"start":{"line":141,"column":22},"end":{"line":141,"column":null}},"type":"cond-expr","locations":[{"start":{"line":141,"column":39},"end":{"line":141,"column":48}},{"start":{"line":141,"column":48},"end":{"line":141,"column":null}}],"line":141},"16":{"loc":{"start":{"line":148,"column":17},"end":{"line":148,"column":null}},"type":"cond-expr","locations":[{"start":{"line":148,"column":34},"end":{"line":148,"column":55}},{"start":{"line":148,"column":54},"end":{"line":148,"column":null}}],"line":148},"17":{"loc":{"start":{"line":154,"column":9},"end":{"line":154,"column":null}},"type":"binary-expr","locations":[{"start":{"line":154,"column":9},"end":{"line":154,"column":18}},{"start":{"line":154,"column":18},"end":{"line":154,"column":null}}],"line":154},"18":{"loc":{"start":{"line":157,"column":11},"end":{"line":157,"column":null}},"type":"cond-expr","locations":[{"start":{"line":157,"column":21},"end":{"line":157,"column":36}},{"start":{"line":157,"column":36},"end":{"line":157,"column":null}}],"line":157},"19":{"loc":{"start":{"line":157,"column":36},"end":{"line":157,"column":null}},"type":"cond-expr","locations":[{"start":{"line":157,"column":55},"end":{"line":157,"column":66}},{"start":{"line":157,"column":66},"end":{"line":157,"column":null}}],"line":157},"20":{"loc":{"start":{"line":161,"column":11},"end":{"line":161,"column":72}},"type":"cond-expr","locations":[{"start":{"line":161,"column":30},"end":{"line":161,"column":44}},{"start":{"line":161,"column":44},"end":{"line":161,"column":72}}],"line":161},"21":{"loc":{"start":{"line":163,"column":20},"end":{"line":163,"column":59}},"type":"cond-expr","locations":[{"start":{"line":163,"column":39},"end":{"line":163,"column":52}},{"start":{"line":163,"column":52},"end":{"line":163,"column":59}}],"line":163},"22":{"loc":{"start":{"line":166,"column":13},"end":{"line":166,"column":null}},"type":"cond-expr","locations":[{"start":{"line":166,"column":32},"end":{"line":166,"column":44}},{"start":{"line":166,"column":44},"end":{"line":166,"column":null}}],"line":166}},"s":{"0":51,"1":51,"2":51,"3":51,"4":51,"5":51,"6":51,"7":51,"8":51,"9":0,"10":0,"11":0,"12":0,"13":0,"14":0,"15":0,"16":0,"17":0,"18":0,"19":0,"20":51,"21":14,"22":14,"23":14,"24":51,"25":6,"26":2,"27":0,"28":2,"29":1,"30":5,"31":1,"32":4,"33":4,"34":4,"35":6,"36":6,"37":3,"38":3,"39":1,"40":1,"41":2,"42":2,"43":1,"44":4,"45":51,"46":1,"47":0,"48":5,"49":5},"f":{"0":51,"1":0,"2":14,"3":14,"4":6,"5":1,"6":0,"7":5},"b":{"0":[0,0],"1":[2,4],"2":[0,2],"3":[1,1],"4":[1,4],"5":[5,4],"6":[3,1],"7":[3,1],"8":[1,2],"9":[1,0],"10":[33,17],"11":[51,17],"12":[1,49],"13":[1,49],"14":[51,17],"15":[0,17],"16":[0,17],"17":[51,4],"18":[4,46],"19":[30,16],"20":[33,17],"21":[4,1],"22":[33,17]},"meta":{"lastBranch":23,"lastFunction":8,"lastStatement":50,"seen":{"f:8:24:8:35":0,"s:9:8:9:Infinity":0,"s:10:10:10:Infinity":1,"s:12:15:12:Infinity":2,"s:13:22:13:Infinity":3,"s:14:25:14:Infinity":4,"s:15:16:15:Infinity":5,"s:16:18:16:Infinity":6,"s:18:19:20:Infinity":7,"s:22:28:41:Infinity":8,"f:22:28:22:40":1,"s:23:4:40:Infinity":9,"s:24:27:24:Infinity":10,"s:25:22:25:Infinity":11,"s:27:18:31:Infinity":12,"s:33:19:33:Infinity":13,"b:34:6:34:Infinity:undefined:undefined:undefined:undefined":0,"s:34:6:34:Infinity":14,"s:34:21:34:44":15,"s:34:44:34:51":16,"s:36:6:36:Infinity":17,"s:37:6:37:Infinity":18,"s:39:6:39:Infinity":19,"s:43:8:46:Infinity":20,"f:43:8:43:24":2,"s:44:4:44:Infinity":21,"f:44:4:44:16":3,"s:44:25:44:70":22,"s:45:4:45:Infinity":23,"s:48:23:84:Infinity":24,"f:48:23:48:35":4,"b:49:4:53:Infinity:undefined:undefined:undefined:undefined":1,"s:49:4:53:Infinity":25,"b:50:6:50:Infinity:undefined:undefined:undefined:undefined":2,"s:50:6:50:Infinity":26,"s:50:30:50:Infinity":27,"b:51:6:52:Infinity:undefined:undefined:undefined:undefined":3,"s:51:6:52:Infinity":28,"s:52:8:52:Infinity":29,"b:54:4:55:Infinity:undefined:undefined:undefined:undefined":4,"s:54:4:55:Infinity":30,"b:54:8:54:27:54:27:54:Infinity":5,"s:55:6:55:Infinity":31,"s:57:4:57:Infinity":32,"s:58:4:83:Infinity":33,"s:59:23:59:Infinity":34,"b:59:42:59:58:59:58:59:Infinity":6,"s:60:19:62:Infinity":35,"b:61:10:61:Infinity:62:10:62:Infinity":7,"s:64:18:68:Infinity":36,"s:70:19:70:Infinity":37,"b:72:6:75:Infinity:undefined:undefined:undefined:undefined":8,"s:72:6:75:Infinity":38,"s:73:8:73:Infinity":39,"b:73:17:73:32:73:32:73:54":9,"s:74:8:74:Infinity":40,"s:77:6:77:Infinity":41,"s:78:6:78:Infinity":42,"s:80:6:80:Infinity":43,"s:82:6:82:Infinity":44,"s:86:2:170:Infinity":45,"b:89:32:89:43:89:43:89:57":10,"b:96:9:96:Infinity:97:10:106:Infinity":11,"b:124:34:124:43:124:43:124:Infinity":12,"f:130:39:130:54":5,"s:130:54:130:Infinity":46,"b:131:29:131:50:131:49:131:Infinity":13,"b:136:9:136:Infinity:137:10:151:Infinity":14,"b:141:39:141:48:141:48:141:Infinity":15,"f:147:41:147:56":6,"s:147:56:147:Infinity":47,"b:148:34:148:55:148:54:148:Infinity":16,"b:154:9:154:18:154:18:154:Infinity":17,"b:157:21:157:36:157:36:157:Infinity":18,"b:157:55:157:66:157:66:157:Infinity":19,"b:161:30:161:44:161:44:161:72":20,"f:162:40:162:55":7,"s:163:12:163:Infinity":48,"b:163:39:163:52:163:52:163:59":21,"s:164:12:164:Infinity":49,"b:166:32:166:44:166:44:166:Infinity":22}}}
}
